2026-07-18 11:08:54,588 | INFO | ============================================================
2026-07-18 11:08:54,588 | INFO | Starting Claus Incident Response Toolkit
2026-07-18 11:08:54,589 | INFO | ============================================================
2026-07-18 11:08:54,589 | INFO | Information message
2026-07-18 11:08:54,589 | WARNING | Warning message
2026-07-18 11:08:54,589 | ERROR | Error message
2026-07-18 11:08:54,590 | CRITICAL | Critical message
2026-07-18 11:14:53,713 | INFO | ============================================================
2026-07-18 11:14:53,714 | INFO | Starting Claus Incident Response Toolkit
2026-07-18 11:14:53,714 | INFO | ============================================================
2026-07-18 12:26:44,366 | INFO | ============================================================
2026-07-18 12:26:44,381 | INFO | Starting Claus Incident Response Toolkit
2026-07-18 12:26:44,385 | INFO | ============================================================
2026-07-18 12:34:22,423 | INFO | ============================================================
2026-07-18 12:34:22,424 | INFO | Starting Claus Incident Response Toolkit
2026-07-18 12:34:22,424 | INFO | ============================================================
2026-07-18 12:34:22,440 | INFO | Collector health check completed.
2026-07-18 12:34:22,441 | INFO | Starting evidence collection...
2026-07-18 12:34:22,441 | INFO | Detected operating system: Linux
2026-07-18 12:34:22,441 | INFO | Loading Linux collector
2026-07-18 12:34:22,442 | INFO | ============================================================
2026-07-18 12:34:22,442 | INFO | Starting Linux evidence collection
2026-07-18 12:34:22,442 | INFO | ============================================================
2026-07-18 12:34:22,442 | INFO | Collecting system information...
2026-07-18 12:34:22,453 | INFO | Collecting logged-in users...
2026-07-18 12:34:22,528 | INFO | Executed command: who
2026-07-18 12:34:22,529 | INFO | Collecting uptime...
2026-07-18 12:34:22,585 | INFO | Executed command: uptime
2026-07-18 12:34:22,585 | INFO | Collecting running processes...
2026-07-18 12:34:22,647 | INFO | Executed command: ps -eo pid,user,%cpu,%mem,comm
2026-07-18 12:34:22,648 | INFO | Collecting listening ports...
2026-07-18 12:34:23,007 | INFO | Executed command: ss -tuln
2026-07-18 12:34:23,008 | INFO | Collecting network connections...
2026-07-18 12:34:23,081 | INFO | Executed command: ss -tunap
2026-07-18 12:34:23,082 | INFO | Collecting running services...
2026-07-18 12:34:23,119 | INFO | Executed command: systemctl list-units --type=service --state=running
2026-07-18 12:34:23,120 | INFO | Collecting disk usage...
2026-07-18 12:34:23,170 | INFO | Executed command: df -h
2026-07-18 12:34:23,171 | INFO | Collecting memory usage...
2026-07-18 12:34:23,197 | INFO | Executed command: free -h
2026-07-18 12:34:23,197 | INFO | Collecting mounted file systems...
2026-07-18 12:34:23,211 | INFO | Executed command: mount
2026-07-18 12:34:23,213 | INFO | Collecting network interfaces...
2026-07-18 12:34:23,352 | INFO | Executed command: ip addr
2026-07-18 12:34:23,353 | INFO | Collecting routing table...
2026-07-18 12:34:23,363 | INFO | Executed command: ip route
2026-07-18 12:34:23,366 | INFO | Linux evidence collection completed.
2026-07-18 12:34:23,367 | INFO | Evidence collection finished.
